# JRE version: OpenJDK Runtime Environment (21.0.2+13) (build 21.0.2+13-58)
# Java VM: OpenJDK 64-Bit Server VM (21.0.2+13-58, mixed mode, emulated-client, sharing, tiered, compressed oops, compressed class ptrs, g1 gc, windows-amd64)
GC Precious Log:
 CardTable entry size: 512
 Card Set container configuration: InlinePtr #cards 4 size 8 Array Of Cards #cards 16 size 48 Howl #buckets 8 coarsen threshold 3686 Howl Bitmap #cards 512 size 80 coarsen threshold 460 Card regions per heap region 1 cards per card region 4096
 CPUs: 8 total, 8 available
 Memory: 16067M
 Large Page Support: Disabled
 NUMA Support: Disabled
 Compressed Oops: Enabled (Zero based)
 Heap Region Size: 2M
 Heap Min Capacity: 8M
 Heap Initial Capacity: 252M
 Heap Max Capacity: 4018M
 Pre-touch: Disabled
 Parallel Workers: 8
 Concurrent Workers: 2
 Concurrent Refinement Workers: 8
 Periodic GC: Disabled
Heap:
 garbage-first heap   total 116736K, used 63055K [0x0000000704e00000, 0x0000000800000000)
  region size 2048K, 20 young (40960K), 4 survivors (8192K)
 Metaspace       used 71221K, committed 71936K, reserved 1114112K
  class space    used 10032K, committed 10368K, reserved 1048576K
GC Heap History (20 events):
Event: 2.851 GC heap before
{Heap before GC invocations=8 (full 0):
 garbage-first heap   total 79872K, used 62211K [0x0000000704e00000, 0x0000000800000000)
  region size 2048K, 23 young (47104K), 2 survivors (4096K)
 Metaspace       used 32046K, committed 32448K, reserved 1114112K
  class space    used 4358K, committed 4544K, reserved 1048576K
}
Event: 2.860 GC heap after
{Heap after GC invocations=9 (full 0):
 garbage-first heap   total 79872K, used 21275K [0x0000000704e00000, 0x0000000800000000)
  region size 2048K, 2 young (4096K), 2 survivors (4096K)
 Metaspace       used 32046K, committed 32448K, reserved 1114112K
  class space    used 4358K, committed 4544K, reserved 1048576K
}
Event: 3.080 GC heap before
{Heap before GC invocations=9 (full 0):
 garbage-first heap   total 79872K, used 41755K [0x0000000704e00000, 0x0000000800000000)
  region size 2048K, 13 young (26624K), 2 survivors (4096K)
 Metaspace       used 33922K, committed 34368K, reserved 1114112K
  class space    used 4640K, committed 4864K, reserved 1048576K
}
Event: 3.088 GC heap after
{Heap after GC invocations=10 (full 0):
 garbage-first heap   total 79872K, used 22256K [0x0000000704e00000, 0x0000000800000000)
  region size 2048K, 2 young (4096K), 2 survivors (4096K)
 Metaspace       used 33922K, committed 34368K, reserved 1114112K
  class space    used 4640K, committed 4864K, reserved 1048576K
}
Event: 3.485 GC heap before
{Heap before GC invocations=11 (full 0):
 garbage-first heap   total 79872K, used 65264K [0x0000000704e00000, 0x0000000800000000)
  region size 2048K, 23 young (47104K), 2 survivors (4096K)
 Metaspace       used 37596K, committed 38144K, reserved 1114112K
  class space    used 5122K, committed 5376K, reserved 1048576K
}
Event: 3.491 GC heap after
{Heap after GC invocations=12 (full 0):
 garbage-first heap   total 96256K, used 23540K [0x0000000704e00000, 0x0000000800000000)
  region size 2048K, 3 young (6144K), 3 survivors (6144K)
 Metaspace       used 37596K, committed 38144K, reserved 1114112K
  class space    used 5122K, committed 5376K, reserved 1048576K
}
Event: 3.992 GC heap before
{Heap before GC invocations=12 (full 0):
 garbage-first heap   total 96256K, used 74740K [0x0000000704e00000, 0x0000000800000000)
  region size 2048K, 28 young (57344K), 3 survivors (6144K)
 Metaspace       used 41021K, committed 41664K, reserved 1114112K
  class space    used 5610K, committed 5888K, reserved 1048576K
}
Event: 4.005 GC heap after
{Heap after GC invocations=13 (full 0):
 garbage-first heap   total 96256K, used 25122K [0x0000000704e00000, 0x0000000800000000)
  region size 2048K, 3 young (6144K), 3 survivors (6144K)
 Metaspace       used 41021K, committed 41664K, reserved 1114112K
  class space    used 5610K, committed 5888K, reserved 1048576K
}
Event: 4.371 GC heap before
{Heap before GC invocations=13 (full 0):
 garbage-first heap   total 96256K, used 74274K [0x0000000704e00000, 0x0000000800000000)
  region size 2048K, 28 young (57344K), 3 survivors (6144K)
 Metaspace       used 45089K, committed 45760K, reserved 1114112K
  class space    used 6200K, committed 6528K, reserved 1048576K
}
Event: 4.382 GC heap after
{Heap after GC invocations=14 (full 0):
 garbage-first heap   total 96256K, used 26277K [0x0000000704e00000, 0x0000000800000000)
  region size 2048K, 3 young (6144K), 3 survivors (6144K)
 Metaspace       used 45089K, committed 45760K, reserved 1114112K
  class space    used 6200K, committed 6528K, reserved 1048576K
}
Event: 5.049 GC heap before
{Heap before GC invocations=14 (full 0):
 garbage-first heap   total 96256K, used 75429K [0x0000000704e00000, 0x0000000800000000)
  region size 2048K, 28 young (57344K), 3 survivors (6144K)
 Metaspace       used 50334K, committed 50944K, reserved 1114112K
  class space    used 6972K, committed 7232K, reserved 1048576K
}
Event: 5.061 GC heap after
{Heap after GC invocations=15 (full 0):
 garbage-first heap   total 96256K, used 27725K [0x0000000704e00000, 0x0000000800000000)
  region size 2048K, 3 young (6144K), 3 survivors (6144K)
 Metaspace       used 50334K, committed 50944K, reserved 1114112K
  class space    used 6972K, committed 7232K, reserved 1048576K
}
Event: 5.457 GC heap before
{Heap before GC invocations=15 (full 0):
 garbage-first heap   total 96256K, used 76877K [0x0000000704e00000, 0x0000000800000000)
  region size 2048K, 28 young (57344K), 3 survivors (6144K)
 Metaspace       used 55172K, committed 55744K, reserved 1114112K
  class space    used 7615K, committed 7872K, reserved 1048576K
}
Event: 5.466 GC heap after
{Heap after GC invocations=16 (full 0):
 garbage-first heap   total 116736K, used 28988K [0x0000000704e00000, 0x0000000800000000)
  region size 2048K, 2 young (4096K), 2 survivors (4096K)
 Metaspace       used 55172K, committed 55744K, reserved 1114112K
  class space    used 7615K, committed 7872K, reserved 1048576K
}
Event: 5.604 GC heap before
{Heap before GC invocations=16 (full 0):
 garbage-first heap   total 116736K, used 45372K [0x0000000704e00000, 0x0000000800000000)
  region size 2048K, 11 young (22528K), 2 survivors (4096K)
 Metaspace       used 56865K, committed 57536K, reserved 1114112K
  class space    used 7800K, committed 8128K, reserved 1048576K
}
Event: 5.612 GC heap after
{Heap after GC invocations=17 (full 0):
 garbage-first heap   total 116736K, used 29197K [0x0000000704e00000, 0x0000000800000000)
  region size 2048K, 2 young (4096K), 2 survivors (4096K)
 Metaspace       used 56865K, committed 57536K, reserved 1114112K
  class space    used 7800K, committed 8128K, reserved 1048576K
}
Event: 6.176 GC heap before
{Heap before GC invocations=18 (full 0):
 garbage-first heap   total 116736K, used 94733K [0x0000000704e00000, 0x0000000800000000)
  region size 2048K, 34 young (69632K), 2 survivors (4096K)
 Metaspace       used 63553K, committed 64256K, reserved 1114112K
  class space    used 8946K, committed 9280K, reserved 1048576K
}
Event: 6.184 GC heap after
{Heap after GC invocations=19 (full 0):
 garbage-first heap   total 116736K, used 30322K [0x0000000704e00000, 0x0000000800000000)
  region size 2048K, 3 young (6144K), 3 survivors (6144K)
 Metaspace       used 63553K, committed 64256K, reserved 1114112K
  class space    used 8946K, committed 9280K, reserved 1048576K
}
Event: 6.913 GC heap before
{Heap before GC invocations=19 (full 0):
 garbage-first heap   total 116736K, used 93810K [0x0000000704e00000, 0x0000000800000000)
  region size 2048K, 34 young (69632K), 3 survivors (6144K)
 Metaspace       used 69151K, committed 69888K, reserved 1114112K
  class space    used 9725K, committed 10048K, reserved 1048576K
}
Event: 6.923 GC heap after
{Heap after GC invocations=20 (full 0):
 garbage-first heap   total 116736K, used 32335K [0x0000000704e00000, 0x0000000800000000)
  region size 2048K, 4 young (8192K), 4 survivors (8192K)
 Metaspace       used 69151K, committed 69888K, reserved 1114112K
  class space    used 9725K, committed 10048K, reserved 1048576K
}

